<?xml version="1.0" encoding="UTF-8"?>
<!-- Generated by org.testng.reporters.JUnitXMLReporter -->
<testsuite ignored="0" hostname="LTIN202867" failures="0" tests="9" name="Test: Edge" time="60.681" errors="0" timestamp="2023-07-19T15:55:28 IST">
  <testcase classname="TestCases.TestCases" name="invokeBrowser" time="18.552"/>
  <testcase classname="TestCases.TestCases" name="selectingBikes" time="2.356"/>
  <testcase classname="TestCases.TestCases" name="bikesKnown" time="4.635"/>
  <testcase classname="TestCases.TestCases" name="clickViewMore" time="2.166"/>
  <testcase classname="TestCases.TestCases" name="bikesInfo" time="4.551"/>
  <testcase classname="TestCases.TestCases" name="usedCars" time="7.317"/>
  <testcase classname="TestCases.TestCases" name="popularModels" time="10.112"/>
  <testcase classname="TestCases.TestCases" name="google" time="5.208"/>
  <testcase classname="TestCases.TestCases" name="invalidLogin" time="4.15"/>
</testsuite> <!-- Test: Edge -->
