<?xml version="1.0" encoding="UTF-8"?>
<!-- Generated by org.testng.reporters.JUnitXMLReporter -->
<testsuite ignored="0" hostname="LTIN202867" failures="0" tests="9" name="Test: Chrome" time="62.015" errors="0" timestamp="2023-07-19T15:54:27 IST">
  <testcase classname="TestCases.TestCases" name="invokeBrowser" time="17.435"/>
  <testcase classname="TestCases.TestCases" name="selectingBikes" time="5.576"/>
  <testcase classname="TestCases.TestCases" name="bikesKnown" time="1.97"/>
  <testcase classname="TestCases.TestCases" name="clickViewMore" time="0.394"/>
  <testcase classname="TestCases.TestCases" name="bikesInfo" time="4.637"/>
  <testcase classname="TestCases.TestCases" name="usedCars" time="7.632"/>
  <testcase classname="TestCases.TestCases" name="popularModels" time="10.146"/>
  <testcase classname="TestCases.TestCases" name="google" time="7.394"/>
  <testcase classname="TestCases.TestCases" name="invalidLogin" time="4.201"/>
</testsuite> <!-- Test: Chrome -->
